[0413/205601.349:ERROR:process_memory_win.cc(73)] ReadMemory at 0x1de0c013800 of 32 bytes failed: Only part of a ReadProcessMemory or WriteProcessMemory request was completed. (0x12B)
[0413/205601.427:WARNING:pe_image_annotations_reader.cc(146)] could not read annotation at index 1 in C:\Program Files (x86)\Google\Chrome\Application\73.0.3683.86\chrome_child.dll
[0413/205601.427:ERROR:process_memory_win.cc(73)] ReadMemory at 0x1de6cfc0000 of 64 bytes failed: Only part of a ReadProcessMemory or WriteProcessMemory request was completed. (0x12B)
[0413/205601.427:WARNING:pe_image_reader.cc(340)] could not read dos header from C:\WINDOWS\System32\WS2_32.dll
[0413/205601.427:ERROR:process_memory_win.cc(73)] ReadMemory at 0x1de6d0c0000 of 64 bytes failed: Only part of a ReadProcessMemory or WriteProcessMemory request was completed. (0x12B)
[0413/205601.427:WARNING:pe_image_reader.cc(340)] could not read dos header from C:\WINDOWS\System32\OLEAUT32.dll
[0413/205601.536:ERROR:process_memory_win.cc(73)] ReadMemory at 0x43d77e2000 of 122880 bytes failed: Only part of a ReadProcessMemory or WriteProcessMemory request was completed. (0x12B)
[0413/205601.536:ERROR:process_memory_win.cc(73)] ReadMemory at 0x43d79fe000 of 8192 bytes failed: Only part of a ReadProcessMemory or WriteProcessMemory request was completed. (0x12B)
[0413/205601.536:ERROR:process_memory_win.cc(73)] ReadMemory at 0x43d7ffe000 of 8192 bytes failed: Only part of a ReadProcessMemory or WriteProcessMemory request was completed. (0x12B)
[0413/205601.536:ERROR:process_memory_win.cc(73)] ReadMemory at 0x43d81fe000 of 8192 bytes failed: Only part of a ReadProcessMemory or WriteProcessMemory request was completed. (0x12B)
[0413/205601.536:ERROR:process_memory_win.cc(73)] ReadMemory at 0x43d83fd000 of 12288 bytes failed: Only part of a ReadProcessMemory or WriteProcessMemory request was completed. (0x12B)
[0413/205601.536:ERROR:process_memory_win.cc(73)] ReadMemory at 0x43d85fe000 of 8192 bytes failed: Only part of a ReadProcessMemory or WriteProcessMemory request was completed. (0x12B)
[0413/205601.536:ERROR:process_memory_win.cc(73)] ReadMemory at 0x43d87fe000 of 8192 bytes failed: Only part of a ReadProcessMemory or WriteProcessMemory request was completed. (0x12B)
[0413/205601.536:ERROR:process_memory_win.cc(73)] ReadMemory at 0x43d89fc000 of 16384 bytes failed: Only part of a ReadProcessMemory or WriteProcessMemory request was completed. (0x12B)
[0413/205601.536:ERROR:process_memory_win.cc(73)] ReadMemory at 0x43d8be8000 of 98304 bytes failed: Only part of a ReadProcessMemory or WriteProcessMemory request was completed. (0x12B)
[0413/205601.536:ERROR:process_memory_win.cc(73)] ReadMemory at 0x43d8de8000 of 98304 bytes failed: Only part of a ReadProcessMemory or WriteProcessMemory request was completed. (0x12B)
[0413/205601.536:ERROR:process_memory_win.cc(73)] ReadMemory at 0x43d8fe8000 of 98304 bytes failed: Only part of a ReadProcessMemory or WriteProcessMemory request was completed. (0x12B)
[0413/205601.536:ERROR:process_memory_win.cc(73)] ReadMemory at 0x43d91e8000 of 98304 bytes failed: Only part of a ReadProcessMemory or WriteProcessMemory request was completed. (0x12B)
[0413/205601.536:ERROR:process_memory_win.cc(73)] ReadMemory at 0x43d93ea000 of 90112 bytes failed: Only part of a ReadProcessMemory or WriteProcessMemory request was completed. (0x12B)
[0413/205601.536:ERROR:process_memory_win.cc(73)] ReadMemory at 0x43dabee000 of 73728 bytes failed: Only part of a ReadProcessMemory or WriteProcessMemory request was completed. (0x12B)
[0413/205601.536:ERROR:process_memory_win.cc(73)] ReadMemory at 0x43dadfe000 of 8192 bytes failed: Only part of a ReadProcessMemory or WriteProcessMemory request was completed. (0x12B)
[0413/205601.536:ERROR:process_memory_win.cc(73)] ReadMemory at 0x43d9df5000 of 45056 bytes failed: Only part of a ReadProcessMemory or WriteProcessMemory request was completed. (0x12B)
[0413/205601.536:ERROR:process_memory_win.cc(73)] ReadMemory at 0x43daff6000 of 40960 bytes failed: Only part of a ReadProcessMemory or WriteProcessMemory request was completed. (0x12B)
[0413/205601.552:ERROR:process_memory_win.cc(73)] ReadMemory at 0x43db3f6000 of 40960 bytes failed: Only part of a ReadProcessMemory or WriteProcessMemory request was completed. (0x12B)
[0413/205601.552:ERROR:process_memory_win.cc(73)] ReadMemory at 0x43db5f6000 of 40960 bytes failed: Only part of a ReadProcessMemory or WriteProcessMemory request was completed. (0x12B)
[0413/205601.552:ERROR:process_memory_win.cc(73)] ReadMemory at 0x43d97fc000 of 16384 bytes failed: Only part of a ReadProcessMemory or WriteProcessMemory request was completed. (0x12B)
[0413/205601.552:ERROR:process_memory_win.cc(73)] ReadMemory at 0x43d95fc000 of 16384 bytes failed: Only part of a ReadProcessMemory or WriteProcessMemory request was completed. (0x12B)
[0413/205601.552:ERROR:process_memory_win.cc(73)] ReadMemory at 0x43d7dfc000 of 16384 bytes failed: Only part of a ReadProcessMemory or WriteProcessMemory request was completed. (0x12B)
[0413/205601.552:ERROR:process_memory_win.cc(73)] ReadMemory at 0x43d7bfc000 of 16384 bytes failed: Only part of a ReadProcessMemory or WriteProcessMemory request was completed. (0x12B)
[0413/205601.552:ERROR:process_memory_win.cc(73)] ReadMemory at 0x43da5fc000 of 16384 bytes failed: Only part of a ReadProcessMemory or WriteProcessMemory request was completed. (0x12B)
[0413/205601.552:ERROR:process_memory_win.cc(73)] ReadMemory at 0x43d99fc000 of 16384 bytes failed: Only part of a ReadProcessMemory or WriteProcessMemory request was completed. (0x12B)
[0413/205601.552:ERROR:process_memory_win.cc(73)] ReadMemory at 0x43da3fc000 of 16384 bytes failed: Only part of a ReadProcessMemory or WriteProcessMemory request was completed. (0x12B)
[0413/205601.552:ERROR:process_memory_win.cc(73)] ReadMemory at 0x43d9bef000 of 69632 bytes failed: Only part of a ReadProcessMemory or WriteProcessMemory request was completed. (0x12B)
[0413/205601.552:ERROR:process_memory_win.cc(73)] ReadMemory at 0x43db9fd000 of 12288 bytes failed: Only part of a ReadProcessMemory or WriteProcessMemory request was completed. (0x12B)
[0413/205601.552:ERROR:process_memory_win.cc(73)] ReadMemory at 0x43dbffc000 of 16384 bytes failed: Only part of a ReadProcessMemory or WriteProcessMemory request was completed. (0x12B)
[0413/205601.552:ERROR:process_memory_win.cc(73)] ReadMemory at 0x43dc1fe000 of 8192 bytes failed: Only part of a ReadProcessMemory or WriteProcessMemory request was completed. (0x12B)
[0413/205601.552:ERROR:process_memory_win.cc(73)] ReadMemory at 0x43dcbfe000 of 8192 bytes failed: Only part of a ReadProcessMemory or WriteProcessMemory request was completed. (0x12B)
[0413/205601.552:ERROR:process_memory_win.cc(73)] ReadMemory at 0x43d74cc000 of 6024 bytes failed: Only part of a ReadProcessMemory or WriteProcessMemory request was completed. (0x12B)
[0413/205601.552:ERROR:process_memory_win.cc(73)] ReadMemory at 0x43d74e0000 of 6024 bytes failed: Only part of a ReadProcessMemory or WriteProcessMemory request was completed. (0x12B)
[0413/205601.552:ERROR:process_memory_win.cc(73)] ReadMemory at 0x43d74e6000 of 6024 bytes failed: Only part of a ReadProcessMemory or WriteProcessMemory request was completed. (0x12B)
[0413/205601.552:ERROR:process_memory_win.cc(73)] ReadMemory at 0x43d74ec000 of 6024 bytes failed: Only part of a ReadProcessMemory or WriteProcessMemory request was completed. (0x12B)
[0413/205601.552:ERROR:process_memory_win.cc(73)] ReadMemory at 0x43d74ee000 of 6024 bytes failed: Only part of a ReadProcessMemory or WriteProcessMemory request was completed. (0x12B)
[0413/205601.552:ERROR:process_memory_win.cc(73)] ReadMemory at 0x43d74f2000 of 6024 bytes failed: Only part of a ReadProcessMemory or WriteProcessMemory request was completed. (0x12B)
[0413/205601.552:ERROR:process_memory_win.cc(73)] ReadMemory at 0x43d74f4000 of 6024 bytes failed: Only part of a ReadProcessMemory or WriteProcessMemory request was completed. (0x12B)
[0413/205601.552:ERROR:process_memory_win.cc(73)] ReadMemory at 0x43d74f8000 of 6024 bytes failed: Only part of a ReadProcessMemory or WriteProcessMemory request was completed. (0x12B)
[0413/205601.552:ERROR:process_memory_win.cc(73)] ReadMemory at 0x43d7502000 of 6024 bytes failed: Only part of a ReadProcessMemory or WriteProcessMemory request was completed. (0x12B)
[0413/205601.552:ERROR:process_memory_win.cc(73)] ReadMemory at 0x43d750a000 of 6024 bytes failed: Only part of a ReadProcessMemory or WriteProcessMemory request was completed. (0x12B)
[0413/205601.552:ERROR:process_memory_win.cc(73)] ReadMemory at 0x43d750c000 of 6024 bytes failed: Only part of a ReadProcessMemory or WriteProcessMemory request was completed. (0x12B)
[0413/205601.552:ERROR:process_memory_win.cc(73)] ReadMemory at 0x43d7511000 of 852 bytes failed: Only part of a ReadProcessMemory or WriteProcessMemory request was completed. (0x12B)
[0413/205601.552:ERROR:process_memory_win.cc(73)] ReadMemory at 0x43d7512000 of 6024 bytes failed: Only part of a ReadProcessMemory or WriteProcessMemory request was completed. (0x12B)
[0413/205601.552:ERROR:process_memory_win.cc(73)] ReadMemory at 0x43d7514000 of 6024 bytes failed: Only part of a ReadProcessMemory or WriteProcessMemory request was completed. (0x12B)
[0413/205601.552:ERROR:process_memory_win.cc(73)] ReadMemory at 0x43d751a000 of 6024 bytes failed: Only part of a ReadProcessMemory or WriteProcessMemory request was completed. (0x12B)
[0413/205601.552:ERROR:process_memory_win.cc(73)] ReadMemory at 0x43d751c000 of 6024 bytes failed: Only part of a ReadProcessMemory or WriteProcessMemory request was completed. (0x12B)
[0413/205601.552:ERROR:process_memory_win.cc(73)] ReadMemory at 0x43d751e000 of 6024 bytes failed: Only part of a ReadProcessMemory or WriteProcessMemory request was completed. (0x12B)
[0413/205601.552:ERROR:process_memory_win.cc(73)] ReadMemory at 0x43d7520000 of 6024 bytes failed: Only part of a ReadProcessMemory or WriteProcessMemory request was completed. (0x12B)
[0413/205601.552:ERROR:process_memory_win.cc(73)] ReadMemory at 0x43d7522000 of 6024 bytes failed: Only part of a ReadProcessMemory or WriteProcessMemory request was completed. (0x12B)
[0413/205601.552:ERROR:process_memory_win.cc(73)] ReadMemory at 0x43d7524000 of 6024 bytes failed: Only part of a ReadProcessMemory or WriteProcessMemory request was completed. (0x12B)
[0413/205601.552:ERROR:process_memory_win.cc(73)] ReadMemory at 0x43d7526000 of 6024 bytes failed: Only part of a ReadProcessMemory or WriteProcessMemory request was completed. (0x12B)
[0413/205601.552:ERROR:process_memory_win.cc(73)] ReadMemory at 0x43d7528000 of 6024 bytes failed: Only part of a ReadProcessMemory or WriteProcessMemory request was completed. (0x12B)
[0413/205601.552:ERROR:process_memory_win.cc(73)] ReadMemory at 0x43d752a000 of 6024 bytes failed: Only part of a ReadProcessMemory or WriteProcessMemory request was completed. (0x12B)
[0413/205601.552:ERROR:process_memory_win.cc(73)] ReadMemory at 0x43d752c000 of 6024 bytes failed: Only part of a ReadProcessMemory or WriteProcessMemory request was completed. (0x12B)
[0413/205601.552:ERROR:process_memory_win.cc(73)] ReadMemory at 0x43d752e000 of 6024 bytes failed: Only part of a ReadProcessMemory or WriteProcessMemory request was completed. (0x12B)
[0413/205601.552:ERROR:process_memory_win.cc(73)] ReadMemory at 0x43d7532000 of 6024 bytes failed: Only part of a ReadProcessMemory or WriteProcessMemory request was completed. (0x12B)
[0413/205601.552:ERROR:process_memory_win.cc(73)] ReadMemory at 0x43d7546000 of 6024 bytes failed: Only part of a ReadProcessMemory or WriteProcessMemory request was completed. (0x12B)
[0413/205601.552:ERROR:process_memory_win.cc(73)] ReadMemory at 0x43d754c000 of 6024 bytes failed: Only part of a ReadProcessMemory or WriteProcessMemory request was completed. (0x12B)
[0413/205601.552:ERROR:process_memory_win.cc(73)] ReadMemory at 0x43d7562000 of 6024 bytes failed: Only part of a ReadProcessMemory or WriteProcessMemory request was completed. (0x12B)
[0413/205601.552:ERROR:process_memory_win.cc(73)] ReadMemory at 0x43d75dc000 of 6024 bytes failed: Only part of a ReadProcessMemory or WriteProcessMemory request was completed. (0x12B)
[0413/205601.552:ERROR:process_memory_win.cc(73)] ReadMemory at 0x43d75de000 of 6024 bytes failed: Only part of a ReadProcessMemory or WriteProcessMemory request was completed. (0x12B)
[0413/205601.552:ERROR:process_memory_win.cc(73)] ReadMemory at 0x43d75e0000 of 6024 bytes failed: Only part of a ReadProcessMemory or WriteProcessMemory request was completed. (0x12B)
[0413/205601.552:ERROR:process_memory_win.cc(73)] ReadMemory at 0x1de09c27d00 of 512 bytes failed: Only part of a ReadProcessMemory or WriteProcessMemory request was completed. (0x12B)
[0413/205601.552:ERROR:process_memory_win.cc(73)] ReadMemory at 0x1de12e2a880 of 512 bytes failed: Only part of a ReadProcessMemory or WriteProcessMemory request was completed. (0x12B)
[0413/205601.552:ERROR:process_memory_win.cc(73)] ReadMemory at 0x1de132877c0 of 512 bytes failed: Only part of a ReadProcessMemory or WriteProcessMemory request was completed. (0x12B)
[0413/205601.552:ERROR:process_memory_win.cc(73)] ReadMemory at 0x1de13291900 of 512 bytes failed: Only part of a ReadProcessMemory or WriteProcessMemory request was completed. (0x12B)
[0413/205601.552:ERROR:process_memory_win.cc(73)] ReadMemory at 0x1de1fdb7fb0 of 512 bytes failed: Only part of a ReadProcessMemory or WriteProcessMemory request was completed. (0x12B)
[0413/205601.552:ERROR:process_memory_win.cc(73)] ReadMemory at 0x1de1fdb8410 of 512 bytes failed: Only part of a ReadProcessMemory or WriteProcessMemory request was completed. (0x12B)
[0413/205601.552:ERROR:process_memory_win.cc(73)] ReadMemory at 0x1de1fdb9f90 of 512 bytes failed: Only part of a ReadProcessMemory or WriteProcessMemory request was completed. (0x12B)
[0413/205601.552:ERROR:process_memory_win.cc(73)] ReadMemory at 0x1de269924a0 of 512 bytes failed: Only part of a ReadProcessMemory or WriteProcessMemory request was completed. (0x12B)
[0413/205601.552:ERROR:process_memory_win.cc(73)] ReadMemory at 0x1de32dd4d90 of 512 bytes failed: Only part of a ReadProcessMemory or WriteProcessMemory request was completed. (0x12B)
[0413/205601.552:ERROR:process_memory_win.cc(73)] ReadMemory at 0x1de32dd9dc0 of 512 bytes failed: Only part of a ReadProcessMemory or WriteProcessMemory request was completed. (0x12B)
[0413/205601.552:ERROR:process_memory_win.cc(73)] ReadMemory at 0x1de348f4cb0 of 512 bytes failed: Only part of a ReadProcessMemory or WriteProcessMemory request was completed. (0x12B)
[0413/205601.552:ERROR:process_memory_win.cc(73)] ReadMemory at 0x1de45223b40 of 512 bytes failed: Only part of a ReadProcessMemory or WriteProcessMemory request was completed. (0x12B)
[0413/205601.552:ERROR:process_memory_win.cc(73)] ReadMemory at 0x1de50af33e0 of 520 bytes failed: Only part of a ReadProcessMemory or WriteProcessMemory request was completed. (0x12B)
[0413/205601.552:ERROR:process_memory_win.cc(73)] ReadMemory at 0x1de51e88320 of 512 bytes failed: Only part of a ReadProcessMemory or WriteProcessMemory request was completed. (0x12B)
[0413/205601.552:ERROR:process_memory_win.cc(73)] ReadMemory at 0x1de51e88f90 of 512 bytes failed: Only part of a ReadProcessMemory or WriteProcessMemory request was completed. (0x12B)
[0413/205601.552:ERROR:process_memory_win.cc(73)] ReadMemory at 0x1de51fca450 of 512 bytes failed: Only part of a ReadProcessMemory or WriteProcessMemory request was completed. (0x12B)
[0413/205601.552:ERROR:process_memory_win.cc(73)] ReadMemory at 0x1de52299030 of 512 bytes failed: Only part of a ReadProcessMemory or WriteProcessMemory request was completed. (0x12B)
[0413/205601.552:ERROR:process_memory_win.cc(73)] ReadMemory at 0x1de6ca60fc0 of 4490 bytes failed: Only part of a ReadProcessMemory or WriteProcessMemory request was completed. (0x12B)
[0413/205601.552:ERROR:process_memory_win.cc(73)] ReadMemory at 0x1de6ca62160 of 1012 bytes failed: Only part of a ReadProcessMemory or WriteProcessMemory request was completed. (0x12B)
[0413/205601.552:ERROR:process_memory_win.cc(73)] ReadMemory at 0x1de6ca62778 of 118 bytes failed: Only part of a ReadProcessMemory or WriteProcessMemory request was completed. (0x12B)
[0413/205601.552:ERROR:process_memory_win.cc(73)] ReadMemory at 0x1de6ca627f0 of 1050 bytes failed: Only part of a ReadProcessMemory or WriteProcessMemory request was completed. (0x12B)
[0413/205601.614:ERROR:process_memory_win.cc(73)] ReadMemory at 0x1de6ca62c0c of 118 bytes failed: Only part of a ReadProcessMemory or WriteProcessMemory request was completed. (0x12B)
[0413/205601.614:ERROR:process_memory_win.cc(73)] ReadMemory at 0x1de6ca62c84 of 96 bytes failed: Only part of a ReadProcessMemory or WriteProcessMemory request was completed. (0x12B)
[0413/205601.614:ERROR:process_memory_win.cc(73)] ReadMemory at 0x1de6ca62cf0 of 58 bytes failed: Only part of a ReadProcessMemory or WriteProcessMemory request was completed. (0x12B)
[0413/205601.614:ERROR:process_memory_win.cc(73)] ReadMemory at 0x1de6ca62df0 of 132 bytes failed: Only part of a ReadProcessMemory or WriteProcessMemory request was completed. (0x12B)
[0413/205601.614:ERROR:process_memory_win.cc(73)] ReadMemory at 0x1de6ca62f80 of 132 bytes failed: Only part of a ReadProcessMemory or WriteProcessMemory request was completed. (0x12B)
[0413/205601.614:ERROR:process_memory_win.cc(73)] ReadMemory at 0x1de6ca63140 of 124 bytes failed: Only part of a ReadProcessMemory or WriteProcessMemory request was completed. (0x12B)
[0413/205601.614:ERROR:process_memory_win.cc(73)] ReadMemory at 0x1de6ca63520 of 132 bytes failed: Only part of a ReadProcessMemory or WriteProcessMemory request was completed. (0x12B)
[0413/205601.614:ERROR:process_memory_win.cc(73)] ReadMemory at 0x1de6ca636b0 of 64 bytes failed: Only part of a ReadProcessMemory or WriteProcessMemory request was completed. (0x12B)
[0413/205601.614:ERROR:process_memory_win.cc(73)] ReadMemory at 0x1de6ca63810 of 132 bytes failed: Only part of a ReadProcessMemory or WriteProcessMemory request was completed. (0x12B)
[0413/205601.614:ERROR:process_memory_win.cc(73)] ReadMemory at 0x1de6ca63a10 of 62 bytes failed: Only part of a ReadProcessMemory or WriteProcessMemory request was completed. (0x12B)
[0413/205601.614:ERROR:process_memory_win.cc(73)] ReadMemory at 0x1de6ca63b00 of 132 bytes failed: Only part of a ReadProcessMemory or WriteProcessMemory request was completed. (0x12B)
[0413/205601.614:ERROR:process_memory_win.cc(73)] ReadMemory at 0x1de6ca63c90 of 68 bytes failed: Only part of a ReadProcessMemory or WriteProcessMemory request was completed. (0x12B)
[0413/205601.614:ERROR:process_memory_win.cc(73)] ReadMemory at 0x1de6ca6a100 of 132 bytes failed: Only part of a ReadProcessMemory or WriteProcessMemory request was completed. (0x12B)
[0413/205601.614:ERROR:process_memory_win.cc(73)] ReadMemory at 0x1de6ca6a340 of 132 bytes failed: Only part of a ReadProcessMemory or WriteProcessMemory request was completed. (0x12B)
[0413/205601.614:ERROR:process_memory_win.cc(73)] ReadMemory at 0x1de6ca6a4d0 of 62 bytes failed: Only part of a ReadProcessMemory or WriteProcessMemory request was completed. (0x12B)
[0413/205601.614:ERROR:process_memory_win.cc(73)] ReadMemory at 0x1de6ca6bc50 of 132 bytes failed: Only part of a ReadProcessMemory or WriteProcessMemory request was completed. (0x12B)
[0413/205601.614:ERROR:process_memory_win.cc(73)] ReadMemory at 0x1de6ca6bde0 of 60 bytes failed: Only part of a ReadProcessMemory or WriteProcessMemory request was completed. (0x12B)
[0413/205601.614:ERROR:process_memory_win.cc(73)] ReadMemory at 0x1de6ca6be30 of 156 bytes failed: Only part of a ReadProcessMemory or WriteProcessMemory request was completed. (0x12B)
[0413/205601.614:ERROR:process_memory_win.cc(73)] ReadMemory at 0x1de6ca6c030 of 132 bytes failed: Only part of a ReadProcessMemory or WriteProcessMemory request was completed. (0x12B)
[0413/205601.614:ERROR:process_memory_win.cc(73)] ReadMemory at 0x1de6ca6c1c0 of 64 bytes failed: Only part of a ReadProcessMemory or WriteProcessMemory request was completed. (0x12B)
[0413/205601.614:ERROR:process_memory_win.cc(73)] ReadMemory at 0x1de6ca6c440 of 132 bytes failed: Only part of a ReadProcessMemory or WriteProcessMemory request was completed. (0x12B)
[0413/205601.614:ERROR:process_memory_win.cc(73)] ReadMemory at 0x1de6ca6c5d0 of 64 bytes failed: Only part of a ReadProcessMemory or WriteProcessMemory request was completed. (0x12B)
[0413/205601.614:ERROR:process_memory_win.cc(73)] ReadMemory at 0x1de6ca6c830 of 132 bytes failed: Only part of a ReadProcessMemory or WriteProcessMemory request was completed. (0x12B)
[0413/205601.614:ERROR:process_memory_win.cc(73)] ReadMemory at 0x1de6ca6c9c0 of 60 bytes failed: Only part of a ReadProcessMemory or WriteProcessMemory request was completed. (0x12B)
[0413/205601.614:ERROR:process_memory_win.cc(73)] ReadMemory at 0x1de6ca6cce0 of 132 bytes failed: Only part of a ReadProcessMemory or WriteProcessMemory request was completed. (0x12B)
[0413/205601.614:ERROR:process_memory_win.cc(73)] ReadMemory at 0x1de6ca6ce70 of 60 bytes failed: Only part of a ReadProcessMemory or WriteProcessMemory request was completed. (0x12B)
[0413/205601.614:ERROR:process_memory_win.cc(73)] ReadMemory at 0x1de6ca6d0b0 of 132 bytes failed: Only part of a ReadProcessMemory or WriteProcessMemory request was completed. (0x12B)
[0413/205601.614:ERROR:process_memory_win.cc(73)] ReadMemory at 0x1de6ca6d240 of 62 bytes failed: Only part of a ReadProcessMemory or WriteProcessMemory request was completed. (0x12B)
[0413/205601.614:ERROR:process_memory_win.cc(73)] ReadMemory at 0x1de6ca6dd90 of 132 bytes failed: Only part of a ReadProcessMemory or WriteProcessMemory request was completed. (0x12B)
[0413/205601.614:ERROR:process_memory_win.cc(73)] ReadMemory at 0x1de6ca6e270 of 80 bytes failed: Only part of a ReadProcessMemory or WriteProcessMemory request was completed. (0x12B)
[0413/205601.614:ERROR:process_memory_win.cc(73)] ReadMemory at 0x1de6ca6e3f0 of 78 bytes failed: Only part of a ReadProcessMemory or WriteProcessMemory request was completed. (0x12B)
[0413/205601.614:ERROR:process_memory_win.cc(73)] ReadMemory at 0x1de6ca6e5d0 of 76 bytes failed: Only part of a ReadProcessMemory or WriteProcessMemory request was completed. (0x12B)
[0413/205601.614:ERROR:process_memory_win.cc(73)] ReadMemory at 0x1de6ca6e8c0 of 132 bytes failed: Only part of a ReadProcessMemory or WriteProcessMemory request was completed. (0x12B)
[0413/205601.614:ERROR:process_memory_win.cc(73)] ReadMemory at 0x1de6ca6eca0 of 246 bytes failed: Only part of a ReadProcessMemory or WriteProcessMemory request was completed. (0x12B)
[0413/205601.614:ERROR:process_memory_win.cc(73)] ReadMemory at 0x1de6ca6eda0 of 132 bytes failed: Only part of a ReadProcessMemory or WriteProcessMemory request was completed. (0x12B)
[0413/205601.614:ERROR:process_memory_win.cc(73)] ReadMemory at 0x1de6ca6ef20 of 66 bytes failed: Only part of a ReadProcessMemory or WriteProcessMemory request was completed. (0x12B)
[0413/205601.614:ERROR:process_memory_win.cc(73)] ReadMemory at 0x1de6ca6f0b0 of 58 bytes failed: Only part of a ReadProcessMemory or WriteProcessMemory request was completed. (0x12B)
[0413/205601.614:ERROR:process_memory_win.cc(73)] ReadMemory at 0x1de6ca6f150 of 62 bytes failed: Only part of a ReadProcessMemory or WriteProcessMemory request was completed. (0x12B)
[0413/205601.614:ERROR:process_memory_win.cc(73)] ReadMemory at 0x1de6ca6f240 of 60 bytes failed: Only part of a ReadProcessMemory or WriteProcessMemory request was completed. (0x12B)
[0413/205601.614:ERROR:process_memory_win.cc(73)] ReadMemory at 0x1de6ca6f290 of 62 bytes failed: Only part of a ReadProcessMemory or WriteProcessMemory request was completed. (0x12B)
[0413/205601.614:ERROR:process_memory_win.cc(73)] ReadMemory at 0x1de6ca6f2e0 of 62 bytes failed: Only part of a ReadProcessMemory or WriteProcessMemory request was completed. (0x12B)
[0413/205601.614:ERROR:process_memory_win.cc(73)] ReadMemory at 0x1de6ca6f330 of 64 bytes failed: Only part of a ReadProcessMemory or WriteProcessMemory request was completed. (0x12B)
[0413/205601.614:ERROR:process_memory_win.cc(73)] ReadMemory at 0x1de6ca6f380 of 66 bytes failed: Only part of a ReadProcessMemory or WriteProcessMemory request was completed. (0x12B)
[0413/205601.614:ERROR:process_memory_win.cc(73)] ReadMemory at 0x1de6ca6f420 of 62 bytes failed: Only part of a ReadProcessMemory or WriteProcessMemory request was completed. (0x12B)
[0413/205601.614:ERROR:process_memory_win.cc(73)] ReadMemory at 0x1de6ca6f470 of 60 bytes failed: Only part of a ReadProcessMemory or WriteProcessMemory request was completed. (0x12B)
[0413/205601.614:ERROR:process_memory_win.cc(73)] ReadMemory at 0x1de6ca6f4c0 of 60 bytes failed: Only part of a ReadProcessMemory or WriteProcessMemory request was completed. (0x12B)
[0413/205601.614:ERROR:process_memory_win.cc(73)] ReadMemory at 0x1de6ca6f560 of 64 bytes failed: Only part of a ReadProcessMemory or WriteProcessMemory request was completed. (0x12B)
[0413/205601.614:ERROR:process_memory_win.cc(73)] ReadMemory at 0x1de6ca6f5b0 of 58 bytes failed: Only part of a ReadProcessMemory or WriteProcessMemory request was completed. (0x12B)
[0413/205601.614:ERROR:process_memory_win.cc(73)] ReadMemory at 0x1de6ca6f650 of 62 bytes failed: Only part of a ReadProcessMemory or WriteProcessMemory request was completed. (0x12B)
[0413/205601.614:ERROR:process_memory_win.cc(73)] ReadMemory at 0x1de6ca70800 of 132 bytes failed: Only part of a ReadProcessMemory or WriteProcessMemory request was completed. (0x12B)
[0413/205601.614:ERROR:process_memory_win.cc(73)] ReadMemory at 0x1de6ca70a50 of 132 bytes failed: Only part of a ReadProcessMemory or WriteProcessMemory request was completed. (0x12B)
[0413/205601.614:ERROR:process_memory_win.cc(73)] ReadMemory at 0x1de6ca70b80 of 132 bytes failed: Only part of a ReadProcessMemory or WriteProcessMemory request was completed. (0x12B)
[0413/205601.614:ERROR:process_memory_win.cc(73)] ReadMemory at 0x1de6ca70cb0 of 132 bytes failed: Only part of a ReadProcessMemory or WriteProcessMemory request was completed. (0x12B)
[0413/205601.614:ERROR:process_memory_win.cc(73)] ReadMemory at 0x1de6ca70de0 of 132 bytes failed: Only part of a ReadProcessMemory or WriteProcessMemory request was completed. (0x12B)
[0413/205601.614:ERROR:process_memory_win.cc(73)] ReadMemory at 0x1de6ca70f10 of 132 bytes failed: Only part of a ReadProcessMemory or WriteProcessMemory request was completed. (0x12B)
[0413/205601.614:ERROR:process_memory_win.cc(73)] ReadMemory at 0x1de6ca71040 of 132 bytes failed: Only part of a ReadProcessMemory or WriteProcessMemory request was completed. (0x12B)
[0413/205601.614:ERROR:process_memory_win.cc(73)] ReadMemory at 0x1de6ca71170 of 132 bytes failed: Only part of a ReadProcessMemory or WriteProcessMemory request was completed. (0x12B)
[0413/205601.614:ERROR:process_memory_win.cc(73)] ReadMemory at 0x1de6ca712a0 of 132 bytes failed: Only part of a ReadProcessMemory or WriteProcessMemory request was completed. (0x12B)
[0413/205601.614:ERROR:process_memory_win.cc(73)] ReadMemory at 0x1de6ca713d0 of 132 bytes failed: Only part of a ReadProcessMemory or WriteProcessMemory request was completed. (0x12B)
[0413/205601.614:ERROR:process_memory_win.cc(73)] ReadMemory at 0x1de6ca71500 of 132 bytes failed: Only part of a ReadProcessMemory or WriteProcessMemory request was completed. (0x12B)
[0413/205601.614:ERROR:process_memory_win.cc(73)] ReadMemory at 0x1de6ca71630 of 132 bytes failed: Only part of a ReadProcessMemory or WriteProcessMemory request was completed. (0x12B)
[0413/205601.614:ERROR:process_memory_win.cc(73)] ReadMemory at 0x1de6ca71760 of 132 bytes failed: Only part of a ReadProcessMemory or WriteProcessMemory request was completed. (0x12B)
[0413/205601.614:ERROR:process_memory_win.cc(73)] ReadMemory at 0x1de6ca71890 of 132 bytes failed: Only part of a ReadProcessMemory or WriteProcessMemory request was completed. (0x12B)
[0413/205601.614:ERROR:process_memory_win.cc(73)] ReadMemory at 0x1de6ca73370 of 152 bytes failed: Only part of a ReadProcessMemory or WriteProcessMemory request was completed. (0x12B)
[0413/205601.614:ERROR:process_memory_win.cc(73)] ReadMemory at 0x1de6ca74c80 of 132 bytes failed: Only part of a ReadProcessMemory or WriteProcessMemory request was completed. (0x12B)
[0413/205601.614:ERROR:process_memory_win.cc(73)] ReadMemory at 0x1de6ca74db0 of 132 bytes failed: Only part of a ReadProcessMemory or WriteProcessMemory request was completed. (0x12B)
[0413/205601.614:ERROR:process_memory_win.cc(73)] ReadMemory at 0x1de6ca74ee0 of 132 bytes failed: Only part of a ReadProcessMemory or WriteProcessMemory request was completed. (0x12B)
[0413/205601.614:ERROR:process_memory_win.cc(73)] ReadMemory at 0x1de6ca75010 of 132 bytes failed: Only part of a ReadProcessMemory or WriteProcessMemory request was completed. (0x12B)
[0413/205601.614:ERROR:process_memory_win.cc(73)] ReadMemory at 0x1de6ca75140 of 132 bytes failed: Only part of a ReadProcessMemory or WriteProcessMemory request was completed. (0x12B)
[0413/205601.614:ERROR:process_memory_win.cc(73)] ReadMemory at 0x1de6ca75270 of 132 bytes failed: Only part of a ReadProcessMemory or WriteProcessMemory request was completed. (0x12B)
[0413/205601.614:ERROR:process_memory_win.cc(73)] ReadMemory at 0x1de6ca753a0 of 132 bytes failed: Only part of a ReadProcessMemory or WriteProcessMemory request was completed. (0x12B)
[0413/205601.614:ERROR:process_memory_win.cc(73)] ReadMemory at 0x1de6ca75600 of 132 bytes failed: Only part of a ReadProcessMemory or WriteProcessMemory request was completed. (0x12B)
[0413/205601.614:ERROR:process_memory_win.cc(73)] ReadMemory at 0x1de6ca75730 of 132 bytes failed: Only part of a ReadProcessMemory or WriteProcessMemory request was completed. (0x12B)
[0413/205601.614:ERROR:process_memory_win.cc(73)] ReadMemory at 0x1de6ca75860 of 132 bytes failed: Only part of a ReadProcessMemory or WriteProcessMemory request was completed. (0x12B)
[0413/205601.614:ERROR:process_memory_win.cc(73)] ReadMemory at 0x1de6ca75990 of 132 bytes failed: Only part of a ReadProcessMemory or WriteProcessMemory request was completed. (0x12B)
[0413/205601.614:ERROR:process_memory_win.cc(73)] ReadMemory at 0x1de6ca75ac0 of 132 bytes failed: Only part of a ReadProcessMemory or WriteProcessMemory request was completed. (0x12B)
[0413/205601.614:ERROR:process_memory_win.cc(73)] ReadMemory at 0x1de6ca75bf0 of 132 bytes failed: Only part of a ReadProcessMemory or WriteProcessMemory request was completed. (0x12B)
[0413/205601.614:ERROR:process_memory_win.cc(73)] ReadMemory at 0x1de6ca75d20 of 132 bytes failed: Only part of a ReadProcessMemory or WriteProcessMemory request was completed. (0x12B)
[0413/205601.614:ERROR:process_memory_win.cc(73)] ReadMemory at 0x1de6ca75e50 of 132 bytes failed: Only part of a ReadProcessMemory or WriteProcessMemory request was completed. (0x12B)
[0413/205601.614:ERROR:process_memory_win.cc(73)] ReadMemory at 0x1de6ca75f80 of 132 bytes failed: Only part of a ReadProcessMemory or WriteProcessMemory request was completed. (0x12B)
[0413/205601.614:ERROR:process_memory_win.cc(73)] ReadMemory at 0x1de6ca760b0 of 132 bytes failed: Only part of a ReadProcessMemory or WriteProcessMemory request was completed. (0x12B)
[0413/205601.614:ERROR:process_memory_win.cc(73)] ReadMemory at 0x1de6ca761e0 of 132 bytes failed: Only part of a ReadProcessMemory or WriteProcessMemory request was completed. (0x12B)
[0413/205601.614:ERROR:process_memory_win.cc(73)] ReadMemory at 0x1de6ca76310 of 132 bytes failed: Only part of a ReadProcessMemory or WriteProcessMemory request was completed. (0x12B)
[0413/205601.614:ERROR:process_memory_win.cc(73)] ReadMemory at 0x1de6ca76440 of 132 bytes failed: Only part of a ReadProcessMemory or WriteProcessMemory request was completed. (0x12B)
[0413/205601.614:ERROR:process_memory_win.cc(73)] ReadMemory at 0x1de6ca76570 of 132 bytes failed: Only part of a ReadProcessMemory or WriteProcessMemory request was completed. (0x12B)
[0413/205601.614:ERROR:process_memory_win.cc(73)] ReadMemory at 0x1de6ca767d0 of 132 bytes failed: Only part of a ReadProcessMemory or WriteProcessMemory request was completed. (0x12B)
[0413/205601.614:ERROR:process_memory_win.cc(73)] ReadMemory at 0x1de6ca76900 of 132 bytes failed: Only part of a ReadProcessMemory or WriteProcessMemory request was completed. (0x12B)
[0413/205601.614:ERROR:process_memory_win.cc(73)] ReadMemory at 0x1de6ca76a30 of 132 bytes failed: Only part of a ReadProcessMemory or WriteProcessMemory request was completed. (0x12B)
[0413/205601.614:ERROR:process_memory_win.cc(73)] ReadMemory at 0x1de6ca76d2a of 512 bytes failed: Only part of a ReadProcessMemory or WriteProcessMemory request was completed. (0x12B)
[0413/205601.614:ERROR:process_memory_win.cc(73)] ReadMemory at 0x1de6ca78b40 of 58 bytes failed: Only part of a ReadProcessMemory or WriteProcessMemory request was completed. (0x12B)
[0413/205601.614:ERROR:process_memory_win.cc(73)] ReadMemory at 0x1de6ca78b90 of 64 bytes failed: Only part of a ReadProcessMemory or WriteProcessMemory request was completed. (0x12B)
[0413/205601.614:ERROR:process_memory_win.cc(73)] ReadMemory at 0x1de6ca78c30 of 60 bytes failed: Only part of a ReadProcessMemory or WriteProcessMemory request was completed. (0x12B)
[0413/205601.614:ERROR:process_memory_win.cc(73)] ReadMemory at 0x1de6ca78cd0 of 62 bytes failed: Only part of a ReadProcessMemory or WriteProcessMemory request was completed. (0x12B)
[0413/205601.614:ERROR:process_memory_win.cc(73)] ReadMemory at 0x1de6ca78d70 of 64 bytes failed: Only part of a ReadProcessMemory or WriteProcessMemory request was completed. (0x12B)
[0413/205601.614:ERROR:process_memory_win.cc(73)] ReadMemory at 0x1de6ca78dc0 of 64 bytes failed: Only part of a ReadProcessMemory or WriteProcessMemory request was completed. (0x12B)
[0413/205601.614:ERROR:process_memory_win.cc(73)] ReadMemory at 0x1de6ca78e60 of 64 bytes failed: Only part of a ReadProcessMemory or WriteProcessMemory request was completed. (0x12B)
[0413/205601.614:ERROR:process_memory_win.cc(73)] ReadMemory at 0x1de6ca78fa0 of 60 bytes failed: Only part of a ReadProcessMemory or WriteProcessMemory request was completed. (0x12B)
[0413/205601.614:ERROR:process_memory_win.cc(73)] ReadMemory at 0x1de6ca78ff0 of 66 bytes failed: Only part of a ReadProcessMemory or WriteProcessMemory request was completed. (0x12B)
[0413/205601.614:ERROR:process_memory_win.cc(73)] ReadMemory at 0x1de6ca79220 of 58 bytes failed: Only part of a ReadProcessMemory or WriteProcessMemory request was completed. (0x12B)
[0413/205601.614:ERROR:process_memory_win.cc(73)] ReadMemory at 0x1de6ca79310 of 66 bytes failed: Only part of a ReadProcessMemory or WriteProcessMemory request was completed. (0x12B)
[0413/205601.614:ERROR:process_memory_win.cc(73)] ReadMemory at 0x1de6ca83340 of 54 bytes failed: Only part of a ReadProcessMemory or WriteProcessMemory request was completed. (0x12B)
[0413/205601.614:ERROR:process_memory_win.cc(73)] ReadMemory at 0x1de6ca870c0 of 62 bytes failed: Only part of a ReadProcessMemory or WriteProcessMemory request was completed. (0x12B)
[0413/205601.614:ERROR:process_memory_win.cc(73)] ReadMemory at 0x1de6ca87160 of 58 bytes failed: Only part of a ReadProcessMemory or WriteProcessMemory request was completed. (0x12B)
[0413/205601.614:ERROR:process_memory_win.cc(73)] ReadMemory at 0x1de6ca87200 of 62 bytes failed: Only part of a ReadProcessMemory or WriteProcessMemory request was completed. (0x12B)
[0413/205601.614:ERROR:process_memory_win.cc(73)] ReadMemory at 0x1de6ca87250 of 64 bytes failed: Only part of a ReadProcessMemory or WriteProcessMemory request was completed. (0x12B)
[0413/205601.614:ERROR:process_memory_win.cc(73)] ReadMemory at 0x1de6ca87570 of 60 bytes failed: Only part of a ReadProcessMemory or WriteProcessMemory request was completed. (0x12B)
[0413/205601.614:ERROR:process_memory_win.cc(73)] ReadMemory at 0x1de6ca87610 of 62 bytes failed: Only part of a ReadProcessMemory or WriteProcessMemory request was completed. (0x12B)
[0413/205601.614:ERROR:process_memory_win.cc(73)] ReadMemory at 0x1de6ca876b0 of 60 bytes failed: Only part of a ReadProcessMemory or WriteProcessMemory request was completed. (0x12B)
[0413/205601.614:ERROR:process_memory_win.cc(73)] ReadMemory at 0x1de6ca87700 of 62 bytes failed: Only part of a ReadProcessMemory or WriteProcessMemory request was completed. (0x12B)
[0413/205601.614:ERROR:process_memory_win.cc(73)] ReadMemory at 0x1de6ca87890 of 56 bytes failed: Only part of a ReadProcessMemory or WriteProcessMemory request was completed. (0x12B)
[0413/205601.614:ERROR:process_memory_win.cc(73)] ReadMemory at 0x1de6ca87980 of 60 bytes failed: Only part of a ReadProcessMemory or WriteProcessMemory request was completed. (0x12B)
[0413/205601.645:ERROR:process_memory_win.cc(73)] ReadMemory at 0x1de6ca87ac0 of 64 bytes failed: Only part of a ReadProcessMemory or WriteProcessMemory request was completed. (0x12B)
[0413/205601.645:ERROR:process_memory_win.cc(73)] ReadMemory at 0x1de6ca87bb0 of 62 bytes failed: Only part of a ReadProcessMemory or WriteProcessMemory request was completed. (0x12B)
[0413/205601.645:ERROR:process_memory_win.cc(73)] ReadMemory at 0x1de6ca87c00 of 60 bytes failed: Only part of a ReadProcessMemory or WriteProcessMemory request was completed. (0x12B)
[0413/205601.645:ERROR:process_memory_win.cc(73)] ReadMemory at 0x1de6ca87de0 of 64 bytes failed: Only part of a ReadProcessMemory or WriteProcessMemory request was completed. (0x12B)
[0413/205601.645:ERROR:process_memory_win.cc(73)] ReadMemory at 0x1de6ca88160 of 132 bytes failed: Only part of a ReadProcessMemory or WriteProcessMemory request was completed. (0x12B)
[0413/205601.645:ERROR:process_memory_win.cc(73)] ReadMemory at 0x1de6ca88ae0 of 132 bytes failed: Only part of a ReadProcessMemory or WriteProcessMemory request was completed. (0x12B)
[0413/205601.645:ERROR:process_memory_win.cc(73)] ReadMemory at 0x1de6ca890d0 of 132 bytes failed: Only part of a ReadProcessMemory or WriteProcessMemory request was completed. (0x12B)
[0413/205601.661:ERROR:process_memory_win.cc(73)] ReadMemory at 0x1de6ca89920 of 132 bytes failed: Only part of a ReadProcessMemory or WriteProcessMemory request was completed. (0x12B)
[0413/205601.661:ERROR:process_memory_win.cc(73)] ReadMemory at 0x1de6ca99a10 of 512 bytes failed: Only part of a ReadProcessMemory or WriteProcessMemory request was completed. (0x12B)
[0413/205601.661:ERROR:process_memory_win.cc(73)] ReadMemory at 0x1de6ca9b1d0 of 512 bytes failed: Only part of a ReadProcessMemory or WriteProcessMemory request was completed. (0x12B)
[0413/205601.661:ERROR:process_memory_win.cc(73)] ReadMemory at 0x1de6d030040 of 512 bytes failed: Only part of a ReadProcessMemory or WriteProcessMemory request was completed. (0x12B)
[0413/205601.661:ERROR:process_memory_win.cc(73)] ReadMemory at 0x1de6d036ac0 of 512 bytes failed: Only part of a ReadProcessMemory or WriteProcessMemory request was completed. (0x12B)
[0413/205601.661:ERROR:process_memory_win.cc(73)] ReadMemory at 0x1de6d230000 of 720 bytes failed: Only part of a ReadProcessMemory or WriteProcessMemory request was completed. (0x12B)
[0413/205601.661:ERROR:process_memory_win.cc(73)] ReadMemory at 0x1de6d2861d0 of 512 bytes failed: Only part of a ReadProcessMemory or WriteProcessMemory request was completed. (0x12B)
[0413/205601.661:ERROR:process_memory_win.cc(73)] ReadMemory at 0x1de6d289590 of 512 bytes failed: Only part of a ReadProcessMemory or WriteProcessMemory request was completed. (0x12B)
[0413/205601.661:ERROR:process_memory_win.cc(73)] ReadMemory at 0x1de6d28d1a0 of 512 bytes failed: Only part of a ReadProcessMemory or WriteProcessMemory request was completed. (0x12B)
[0413/205601.661:ERROR:process_memory_win.cc(73)] ReadMemory at 0x1de6d2b7a60 of 512 bytes failed: Only part of a ReadProcessMemory or WriteProcessMemory request was completed. (0x12B)
[0413/205601.661:ERROR:process_memory_win.cc(73)] ReadMemory at 0x1de6d2b9fa0 of 696 bytes failed: Only part of a ReadProcessMemory or WriteProcessMemory request was completed. (0x12B)
[0413/205601.661:ERROR:process_memory_win.cc(73)] ReadMemory at 0x1de6d2bf9b0 of 512 bytes failed: Only part of a ReadProcessMemory or WriteProcessMemory request was completed. (0x12B)
[0413/205601.661:ERROR:process_memory_win.cc(73)] ReadMemory at 0x1de6d2c0c50 of 512 bytes failed: Only part of a ReadProcessMemory or WriteProcessMemory request was completed. (0x12B)
[0413/205601.661:ERROR:process_memory_win.cc(73)] ReadMemory at 0x1de6f0a4030 of 1088 bytes failed: Only part of a ReadProcessMemory or WriteProcessMemory request was completed. (0x12B)
[0413/205601.661:ERROR:process_memory_win.cc(73)] ReadMemory at 0x1de6f0a44b0 of 512 bytes failed: Only part of a ReadProcessMemory or WriteProcessMemory request was completed. (0x12B)
[0413/205601.661:ERROR:process_memory_win.cc(73)] ReadMemory at 0x1de6f0a46f0 of 512 bytes failed: Only part of a ReadProcessMemory or WriteProcessMemory request was completed. (0x12B)
[0413/205601.661:ERROR:process_memory_win.cc(73)] ReadMemory at 0x1de6f4d2600 of 512 bytes failed: Only part of a ReadProcessMemory or WriteProcessMemory request was completed. (0x12B)
[0413/205601.661:ERROR:process_memory_win.cc(73)] ReadMemory at 0x1de6fdbb100 of 512 bytes failed: Only part of a ReadProcessMemory or WriteProcessMemory request was completed. (0x12B)
[0413/205601.661:ERROR:process_memory_win.cc(73)] ReadMemory at 0x1de738b6a40 of 512 bytes failed: Only part of a ReadProcessMemory or WriteProcessMemory request was completed. (0x12B)
[0413/205601.661:ERROR:process_memory_win.cc(73)] ReadMemory at 0x1de7399e840 of 512 bytes failed: Only part of a ReadProcessMemory or WriteProcessMemory request was completed. (0x12B)
[0413/205601.661:ERROR:process_memory_win.cc(73)] ReadMemory at 0x1de748ba1c0 of 512 bytes failed: Only part of a ReadProcessMemory or WriteProcessMemory request was completed. (0x12B)
[0413/205601.661:ERROR:process_memory_win.cc(73)] ReadMemory at 0x1de74c3dfa0 of 512 bytes failed: Only part of a ReadProcessMemory or WriteProcessMemory request was completed. (0x12B)
[0413/205601.661:ERROR:process_memory_win.cc(73)] ReadMemory at 0x1c6481487dd0 of 512 bytes failed: Only part of a ReadProcessMemory or WriteProcessMemory request was completed. (0x12B)
[0413/205601.661:ERROR:process_memory_win.cc(73)] ReadMemory at 0x1f88e427d640 of 520 bytes failed: Only part of a ReadProcessMemory or WriteProcessMemory request was completed. (0x12B)
[0413/205601.661:ERROR:process_memory_win.cc(73)] ReadMemory at 0x2380582a43e0 of 512 bytes failed: Only part of a ReadProcessMemory or WriteProcessMemory request was completed. (0x12B)
[0413/205601.661:ERROR:process_memory_win.cc(73)] ReadMemory at 0x32e2da4ecfd9 of 512 bytes failed: Only part of a ReadProcessMemory or WriteProcessMemory request was completed. (0x12B)
[0413/205601.661:ERROR:process_memory_win.cc(73)] ReadMemory at 0x48a37e57a138 of 528 bytes failed: Only part of a ReadProcessMemory or WriteProcessMemory request was completed. (0x12B)
[0413/205601.661:ERROR:process_memory_win.cc(73)] ReadMemory at 0x4be1051e7d20 of 512 bytes failed: Only part of a ReadProcessMemory or WriteProcessMemory request was completed. (0x12B)
[0413/205601.661:ERROR:process_memory_win.cc(73)] ReadMemory at 0x4bf9c99ee928 of 512 bytes failed: Only part of a ReadProcessMemory or WriteProcessMemory request was completed. (0x12B)
[0413/205601.661:ERROR:process_memory_win.cc(73)] ReadMemory at 0x58c43a9a2558 of 512 bytes failed: Only part of a ReadProcessMemory or WriteProcessMemory request was completed. (0x12B)
[0413/205601.661:ERROR:process_memory_win.cc(73)] ReadMemory at 0x5945849c6e71 of 512 bytes failed: Only part of a ReadProcessMemory or WriteProcessMemory request was completed. (0x12B)
[0413/205601.661:ERROR:process_memory_win.cc(73)] ReadMemory at 0x669ecb718a38 of 512 bytes failed: Only part of a ReadProcessMemory or WriteProcessMemory request was completed. (0x12B)
[0413/205601.661:ERROR:process_memory_win.cc(73)] ReadMemory at 0x7167bc281000 of 448 bytes failed: Only part of a ReadProcessMemory or WriteProcessMemory request was completed. (0x12B)
[0413/205601.661:ERROR:process_memory_win.cc(73)] ReadMemory at 0x7c61bcf870f8 of 512 bytes failed: Only part of a ReadProcessMemory or WriteProcessMemory request was completed. (0x12B)
[0413/205601.661:ERROR:process_memory_win.cc(73)] ReadMemory at 0x7ffba6c3fc5d of 512 bytes failed: Only part of a ReadProcessMemory or WriteProcessMemory request was completed. (0x12B)
[0413/205601.661:ERROR:process_memory_win.cc(73)] ReadMemory at 0x7ffc1eb1a308 of 512 bytes failed: Only part of a ReadProcessMemory or WriteProcessMemory request was completed. (0x12B)
[0413/205601.661:ERROR:process_memory_win.cc(73)] ReadMemory at 0x7ffc20ff0b90 of 512 bytes failed: Only part of a ReadProcessMemory or WriteProcessMemory request was completed. (0x12B)
[0413/205601.661:ERROR:process_memory_win.cc(73)] ReadMemory at 0x7ffc21fa0000 of 384 bytes failed: Only part of a ReadProcessMemory or WriteProcessMemory request was completed. (0x12B)
[0413/205601.661:ERROR:process_memory_win.cc(73)] ReadMemory at 0x7ffc21fb33dd of 512 bytes failed: Only part of a ReadProcessMemory or WriteProcessMemory request was completed. (0x12B)
[0413/205601.661:ERROR:process_memory_win.cc(73)] ReadMemory at 0x7ffc21fc6270 of 512 bytes failed: Only part of a ReadProcessMemory or WriteProcessMemory request was completed. (0x12B)
[0413/205601.661:ERROR:process_memory_win.cc(73)] ReadMemory at 0x7ffc21fc79f0 of 512 bytes failed: Only part of a ReadProcessMemory or WriteProcessMemory request was completed. (0x12B)
[0413/205601.661:ERROR:process_memory_win.cc(73)] ReadMemory at 0x7ffc21fc82e0 of 512 bytes failed: Only part of a ReadProcessMemory or WriteProcessMemory request was completed. (0x12B)
[0413/205601.661:ERROR:process_memory_win.cc(73)] ReadMemory at 0x7ffc21fca0d0 of 512 bytes failed: Only part of a ReadProcessMemory or WriteProcessMemory request was completed. (0x12B)
[0413/205601.661:ERROR:process_memory_win.cc(73)] ReadMemory at 0x7ffc2203a9a4 of 672 bytes failed: Only part of a ReadProcessMemory or WriteProcessMemory request was completed. (0x12B)
[0413/205601.661:ERROR:process_memory_win.cc(73)] ReadMemory at 0x7ffc2203afa4 of 512 bytes failed: Only part of a ReadProcessMemory or WriteProcessMemory request was completed. (0x12B)
[0413/205601.661:ERROR:process_memory_win.cc(73)] ReadMemory at 0x7ffc2203e214 of 608 bytes failed: Only part of a ReadProcessMemory or WriteProcessMemory request was completed. (0x12B)
[0413/205601.661:ERROR:process_memory_win.cc(73)] ReadMemory at 0x7ffc220c01e0 of 18 bytes failed: Only part of a ReadProcessMemory or WriteProcessMemory request was completed. (0x12B)
[0413/205601.661:ERROR:process_memory_win.cc(73)] ReadMemory at 0x7ffc220f65b0 of 40 bytes failed: Only part of a ReadProcessMemory or WriteProcessMemory request was completed. (0x12B)
[0413/205601.661:ERROR:process_memory_win.cc(73)] ReadMemory at 0x7ffc220f6a08 of 48 bytes failed: Only part of a ReadProcessMemory or WriteProcessMemory request was completed. (0x12B)
[0413/205601.661:ERROR:process_memory_win.cc(73)] ReadMemory at 0x7ffc220fc360 of 64 bytes failed: Only part of a ReadProcessMemory or WriteProcessMemory request was completed. (0x12B)
[0413/205601.661:ERROR:scoped_process_suspend.cc(40)] NtResumeProcess: An attempt was made to access an exiting process. (0xc000010a)
